<?xml version="1.0" encoding="UTF-8"?>
<testsuite xmlns:xsi="http://www.w3.org/2001/XMLSchema-instance" xsi:noNamespaceSchemaLocation="https://maven.apache.org/surefire/maven-surefire-plugin/xsd/surefire-test-report-3.0.xsd" version="3.0" name="TestSuite" time="4.553" tests="2" errors="0" skipped="0" failures="0">
  <properties>
[...]
</properties>
  <testcase name="givenCorrectUserDataWhenCreateUserThenUserIsCreatedTest" classname="pl.javastart.restassured.test.user.UserCreationTests" time="2.826">
    <system-out><![CDATA[Request method:	POST
Request URI:	https://swaggerpetstore.przyklady.javastart.pl/v2/user
Proxy:			<none>
Request params:	<none>
Query params:	<none>
Form params:	<none>
Path params:	<none>
Headers:		Accept=*/*
				Content-Type=application/json; charset=UTF-8
Cookies:		<none>
Multiparts:		<none>
Body:
{
    "id": 10,
    "username": "patkowicz",
    "firstName": "Patrycja",
    "lastName": "Ĺ»urnalska",
    "password": "13123@#123eqw",
    "email": "patka@test.com",
    "phone": "+123456789",
    "userStatus": 123
}
HTTP/1.1 200 OK
Server: openresty
Date: Wed, 08 Dec 2021 19:54:15 GMT
Content-Type: application/json
Transfer-Encoding: chunked
Connection: keep-alive
Access-Control-Allow-Origin: *
Access-Control-Allow-Methods: GET, POST, DELETE, PUT
Access-Control-Allow-Headers: Content-Type, api_key, Authorization
X-Served-By: swaggerpetstore.przyklady.javastart.pl

{
    "code": 200,
    "type": "unknown",
    "message": "10"
}
Request method:	GET
Request URI:	https://swaggerpetstore.przyklady.javastart.pl/v2/user/patkowicz
Proxy:			<none>
Request params:	<none>
Query params:	<none>
Form params:	<none>
Path params:	username=patkowicz
Headers:		Accept=*/*
				Content-Type=application/json; charset=UTF-8
Cookies:		<none>
Multiparts:		<none>
Body:			<none>
HTTP/1.1 200 OK
Server: openresty
Date: Wed, 08 Dec 2021 19:54:16 GMT
Content-Type: application/json
Transfer-Encoding: chunked
Connection: keep-alive
Access-Control-Allow-Origin: *
Access-Control-Allow-Methods: GET, POST, DELETE, PUT
Access-Control-Allow-Headers: Content-Type, api_key, Authorization
X-Served-By: swaggerpetstore.przyklady.javastart.pl

{
    "id": 10,
    "username": "patkowicz",
    "firstName": "Patrycja",
    "lastName": "Ĺ»urnalska",
    "email": "patka@test.com",
    "password": "13123@#123eqw",
    "phone": "+123456789",
    "userStatus": 123
}
]]></system-out>
  </testcase>
  <testcase name="givenCorrectUserDataWhenFirstNameLastNameAreUpdatedThenUserDataIsUpdatedTest" classname="pl.javastart.restassured.test.user.UserUpdateTests" time="0.523">
    <system-out><![CDATA[Request method:	POST
Request URI:	https://swaggerpetstore.przyklady.javastart.pl/v2/user
Proxy:			<none>
Request params:	<none>
Query params:	<none>
Form params:	<none>
Path params:	<none>
Headers:		Accept=*/*
				Content-Type=application/json; charset=UTF-8
Cookies:		<none>
Multiparts:		<none>
Body:
{
    "id": 10,
    "username": "EwelinaEwelka",
    "firstName": "Ewelina",
    "lastName": "Wicherska",
    "password": "qwerty",
    "email": "ewelka@test.com",
    "phone": "+123456789",
    "userStatus": 12
}
Request method:	POST
Request URI:	https://swaggerpetstore.przyklady.javastart.pl/v2/user
Proxy:			<none>
Request params:	<none>
Query params:	<none>
Form params:	<none>
Path params:	<none>
Headers:		Accept=*/*
				Content-Type=application/json; charset=UTF-8
Cookies:		<none>
Multiparts:		<none>
Body:
{
    "id": 10,
    "username": "EwelinaEwelka",
    "firstName": "Ewelina",
    "lastName": "Wicherska",
    "password": "qwerty",
    "email": "ewelka@test.com",
    "phone": "+123456789",
    "userStatus": 12
}
HTTP/1.1 200 OK
Server: openresty
Date: Wed, 08 Dec 2021 19:54:16 GMT
Content-Type: application/json
Transfer-Encoding: chunked
Connection: keep-alive
Access-Control-Allow-Origin: *
Access-Control-Allow-Methods: GET, POST, DELETE, PUT
Access-Control-Allow-Headers: Content-Type, api_key, Authorization
X-Served-By: swaggerpetstore.przyklady.javastart.pl

{
    "code": 200,
    "type": "unknown",
    "message": "10"
}
HTTP/1.1 200 OK
Server: openresty
Date: Wed, 08 Dec 2021 19:54:16 GMT
Content-Type: application/json
Transfer-Encoding: chunked
Connection: keep-alive
Access-Control-Allow-Origin: *
Access-Control-Allow-Methods: GET, POST, DELETE, PUT
Access-Control-Allow-Headers: Content-Type, api_key, Authorization
X-Served-By: swaggerpetstore.przyklady.javastart.pl

{
    "code": 200,
    "type": "unknown",
    "message": "10"
}
Request method:	PUT
Request URI:	https://swaggerpetstore.przyklady.javastart.pl/v2/user/EwelinaEwelka
Proxy:			<none>
Request params:	<none>
Query params:	<none>
Form params:	<none>
Path params:	username=EwelinaEwelka
Headers:		Accept=*/*
				Content-Type=application/json; charset=UTF-8
Cookies:		<none>
Multiparts:		<none>
Body:
{
    "id": 10,
    "username": "EwelinaEwelka",
    "firstName": "Ewa",
    "lastName": "Wicher",
    "password": "qwerty",
    "email": "ewelka@test.com",
    "phone": "+123456789",
    "userStatus": 12
}
Request method:	PUT
Request URI:	https://swaggerpetstore.przyklady.javastart.pl/v2/user/EwelinaEwelka
Proxy:			<none>
Request params:	<none>
Query params:	<none>
Form params:	<none>
Path params:	username=EwelinaEwelka
Headers:		Accept=*/*
				Content-Type=application/json; charset=UTF-8
Cookies:		<none>
Multiparts:		<none>
Body:
{
    "id": 10,
    "username": "EwelinaEwelka",
    "firstName": "Ewa",
    "lastName": "Wicher",
    "password": "qwerty",
    "email": "ewelka@test.com",
    "phone": "+123456789",
    "userStatus": 12
}
HTTP/1.1 200 OK
Server: openresty
Date: Wed, 08 Dec 2021 19:54:16 GMT
Content-Type: application/json
Transfer-Encoding: chunked
Connection: keep-alive
Access-Control-Allow-Origin: *
Access-Control-Allow-Methods: GET, POST, DELETE, PUT
Access-Control-Allow-Headers: Content-Type, api_key, Authorization
X-Served-By: swaggerpetstore.przyklady.javastart.pl

{
    "code": 200,
    "type": "unknown",
    "message": "10"
}
HTTP/1.1 200 OK
Server: openresty
Date: Wed, 08 Dec 2021 19:54:16 GMT
Content-Type: application/json
Transfer-Encoding: chunked
Connection: keep-alive
Access-Control-Allow-Origin: *
Access-Control-Allow-Methods: GET, POST, DELETE, PUT
Access-Control-Allow-Headers: Content-Type, api_key, Authorization
X-Served-By: swaggerpetstore.przyklady.javastart.pl

{
    "code": 200,
    "type": "unknown",
    "message": "10"
}
Request method:	GET
Request URI:	https://swaggerpetstore.przyklady.javastart.pl/v2/user/EwelinaEwelka
Proxy:			<none>
Request params:	<none>
Query params:	<none>
Form params:	<none>
Path params:	username=EwelinaEwelka
Headers:		Accept=*/*
				Content-Type=application/json; charset=UTF-8
Cookies:		<none>
Multiparts:		<none>
Body:			<none>
Request method:	GET
Request URI:	https://swaggerpetstore.przyklady.javastart.pl/v2/user/EwelinaEwelka
Proxy:			<none>
Request params:	<none>
Query params:	<none>
Form params:	<none>
Path params:	username=EwelinaEwelka
Headers:		Accept=*/*
				Content-Type=application/json; charset=UTF-8
Cookies:		<none>
Multiparts:		<none>
Body:			<none>
HTTP/1.1 200 OK
Server: openresty
Date: Wed, 08 Dec 2021 19:54:17 GMT
Content-Type: application/json
Transfer-Encoding: chunked
Connection: keep-alive
Access-Control-Allow-Origin: *
Access-Control-Allow-Methods: GET, POST, DELETE, PUT
Access-Control-Allow-Headers: Content-Type, api_key, Authorization
X-Served-By: swaggerpetstore.przyklady.javastart.pl

{
    "id": 10,
    "username": "EwelinaEwelka",
    "firstName": "Ewa",
    "lastName": "Wicher",
    "email": "ewelka@test.com",
    "password": "qwerty",
    "phone": "+123456789",
    "userStatus": 12
}
HTTP/1.1 200 OK
Server: openresty
Date: Wed, 08 Dec 2021 19:54:17 GMT
Content-Type: application/json
Transfer-Encoding: chunked
Connection: keep-alive
Access-Control-Allow-Origin: *
Access-Control-Allow-Methods: GET, POST, DELETE, PUT
Access-Control-Allow-Headers: Content-Type, api_key, Authorization
X-Served-By: swaggerpetstore.przyklady.javastart.pl

{
    "id": 10,
    "username": "EwelinaEwelka",
    "firstName": "Ewa",
    "lastName": "Wicher",
    "email": "ewelka@test.com",
    "password": "qwerty",
    "phone": "+123456789",
    "userStatus": 12
}
]]></system-out>
  </testcase>
</testsuite>