<?xml version="1.0" encoding="UTF-8"?>
<testng-results ignored="0" total="2" passed="2" failed="0" skipped="0">
  <reporter-output>
  </reporter-output>
  <suite started-at="2021-12-08T20:54:13 CET" name="Smoke tests" finished-at="2021-12-08T20:54:17 CET" duration-ms="4009">
    <groups>
    </groups>
    <test started-at="2021-12-08T20:54:13 CET" name="User Creation API" finished-at="2021-12-08T20:54:17 CET" duration-ms="3452">
      <class name="pl.javastart.restassured.test.user.UserCreationTests">
        <test-method is-config="true" signature="setupConfiguration()[pri:0, instance:pl.javastart.restassured.test.user.UserCreationTests@1dac5ef]" started-at="2021-12-08T20:54:13 CET" name="setupConfiguration" finished-at="2021-12-08T20:54:14 CET" duration-ms="620" status="PASS">
          <reporter-output>
          </reporter-output>
        </test-method> <!-- setupConfiguration -->
        <test-method signature="givenCorrectUserDataWhenCreateUserThenUserIsCreatedTest()[pri:0, instance:pl.javastart.restassured.test.user.UserCreationTests@1dac5ef]" started-at="2021-12-08T20:54:14 CET" name="givenCorrectUserDataWhenCreateUserThenUserIsCreatedTest" finished-at="2021-12-08T20:54:17 CET" duration-ms="2805" status="PASS">
          <reporter-output>
          </reporter-output>
        </test-method> <!-- givenCorrectUserDataWhenCreateUserThenUserIsCreatedTest -->
      </class> <!-- pl.javastart.restassured.test.user.UserCreationTests -->
    </test> <!-- User Creation API -->
    <test started-at="2021-12-08T20:54:17 CET" name="User Update API" finished-at="2021-12-08T20:54:17 CET" duration-ms="494">
      <class name="pl.javastart.restassured.test.user.UserUpdateTests">
        <test-method is-config="true" signature="setupConfiguration()[pri:0, instance:pl.javastart.restassured.test.user.UserUpdateTests@394a2528]" started-at="2021-12-08T20:54:17 CET" name="setupConfiguration" finished-at="2021-12-08T20:54:17 CET" duration-ms="1" status="PASS">
          <reporter-output>
          </reporter-output>
        </test-method> <!-- setupConfiguration -->
        <test-method signature="givenCorrectUserDataWhenFirstNameLastNameAreUpdatedThenUserDataIsUpdatedTest()[pri:0, instance:pl.javastart.restassured.test.user.UserUpdateTests@394a2528]" started-at="2021-12-08T20:54:17 CET" name="givenCorrectUserDataWhenFirstNameLastNameAreUpdatedThenUserDataIsUpdatedTest" finished-at="2021-12-08T20:54:17 CET" duration-ms="491" status="PASS">
          <reporter-output>
          </reporter-output>
        </test-method> <!-- givenCorrectUserDataWhenFirstNameLastNameAreUpdatedThenUserDataIsUpdatedTest -->
      </class> <!-- pl.javastart.restassured.test.user.UserUpdateTests -->
    </test> <!-- User Update API -->
  </suite> <!-- Smoke tests -->
</testng-results>
